#
# There is insufficient memory for the Java Runtime Environment to continue.
# Native memory allocation (malloc) failed to allocate 1048576 bytes for AllocateHeap
# Possible reasons:
#   The system is out of physical RAM or swap space
#   The process is running with CompressedOops enabled, and the Java Heap may be blocking the growth of the native heap
# Possible solutions:
#   Reduce memory load on the system
#   Increase physical memory or swap space
#   Check if swap backing store is full
#   Decrease Java heap size (-Xmx/-Xms)
#   Decrease number of Java threads
#   Decrease Java thread stack sizes (-Xss)
#   Set larger code cache with -XX:ReservedCodeCacheSize=
#   JVM is running with Unscaled Compressed Oops mode in which the Java heap is
#     placed in the first 4GB address space. The Java Heap base address is the
#     maximum limit for the native heap growth. Please use -XX:HeapBaseMinAddress
#     to set the Java Heap base and to place the Java Heap above 4GB virtual address.
# This output file may be truncated or incomplete.
#
#  Out of Memory Error (allocation.cpp:44), pid=17228, tid=17292
#
# JRE version:  (18.0.2.1+1) (build )
# Java VM: Java HotSpot(TM) 64-Bit Server VM (18.0.2.1+1-1, mixed mode, sharing, tiered, compressed oops, compressed class ptrs, g1 gc, windows-amd64)
# No core dump will be written. Minidumps are not enabled by default on client versions of Windows
#

---------------  S U M M A R Y ------------

Command Line: -Dfile.encoding=UTF-8 --module-path=C:\Users\User\Documents\NetBeansProjects\UniversityManagementSystem\build\classes universitymanagementsystem.Project

Host: Intel(R) Core(TM) i5-3380M CPU @ 2.90GHz, 4 cores, 3G,  Windows 10 , 64 bit Build 19041 (10.0.19041.2546)
Time: Wed Mar 15 14:04:55 2023 India Standard Time elapsed time: 0.015006 seconds (0d 0h 0m 0s)

---------------  T H R E A D  ---------------

Current thread (0x000001bd4866dcf0):  JavaThread "Unknown thread" [_thread_in_vm, id=17292, stack(0x0000002951d00000,0x0000002951e00000)]

Stack: [0x0000002951d00000,0x0000002951e00000]
Native frames: (J=compiled Java code, j=interpreted, Vv=VM code, C=native code)
V  [jvm.dll+0x6993aa]
V  [jvm.dll+0x7f46dd]
V  [jvm.dll+0x7f5fee]
V  [jvm.dll+0x7f66a3]
V  [jvm.dll+0x25cf1f]
V  [jvm.dll+0xb31af]
V  [jvm.dll+0x302c19]
V  [jvm.dll+0x2fb313]
V  [jvm.dll+0x7c3310]
V  [jvm.dll+0x38be61]
V  [jvm.dll+0x7a2023]
V  [jvm.dll+0x40dc3f]
V  [jvm.dll+0x40f611]
C  [jli.dll+0x526b]
C  [ucrtbase.dll+0x21bb2]
C  [KERNEL32.DLL+0x17614]
C  [ntdll.dll+0x526a1]


---------------  P R O C E S S  ---------------

Threads class SMR info:
_java_thread_list=0x00007ffc587be550, length=0, elements={
}

Java Threads: ( => current thread )

Other Threads:
  0x000001bd486ae5a0 WorkerThread "GC Thread#0" [stack: 0x0000002951e00000,0x0000002951f00000] [id=17296]

[error occurred during error reporting (printing all threads), id 0xc0000005, EXCEPTION_ACCESS_VIOLATION (0xc0000005) at pc=0x00007ffc57fe7e40]

VM state: not at safepoint (not fully initialized)

VM Mutex/Monitor currently owned by a thread:  ([mutex/lock_event])
[0x000001bd4866a0e0] Heap_lock - owner thread: 0x000001bd4866dcf0

Heap address: 0x00000000c1c00000, size: 996 MB, Compressed Oops mode: 32-bit

CDS archive(s) mapped at: [0x0000000000000000-0x0000000000000000-0x0000000000000000), size 0, SharedBaseAddress: 0x0000000800000000, ArchiveRelocationMode: 0.
Narrow klass base: 0x0000000000000000, Narrow klass shift: 0, Narrow klass range: 0x0

GC Precious Log:
 CardTable entry size: 512
 Card Set container configuration: InlinePtr #cards 5 size 8 Array Of Cards #cards 12 size 40 Howl #buckets 4 coarsen threshold 1843 Howl Bitmap #cards 512 size 80 coarsen threshold 460 Card regions per heap region 1 cards per card region 2048

Heap:
 garbage-first heap   total 0K, used 0K [0x00000000c1c00000, 0x0000000100000000)
  region size 1024K, 0 young (0K), 0 survivors (0K)

[error occurred during error reporting (printing heap information), id 0xc0000005, EXCEPTION_ACCESS_VIOLATION (0xc0000005) at pc=0x00007ffc583d1839]

GC Heap History (0 events):
No events

Deoptimization events (0 events):
No events

Classes loaded (0 events):
No events

Classes unloaded (0 events):
No events

Classes redefined (0 events):
No events

Internal exceptions (0 events):
No events

VM Operations (0 events):
No events

Events (1 events):
Event: 0.008 Loaded shared library C:\Program Files\Java\jdk-18.0.2.1\bin\java.dll


Dynamic libraries:
0x00007ff6bb560000 - 0x00007ff6bb570000 	C:\Program Files\Java\jdk-18.0.2.1\bin\java.exe
0x00007ffc8abb0000 - 0x00007ffc8ada8000 	C:\WINDOWS\SYSTEM32\ntdll.dll
0x00007ffc8a2b0000 - 0x00007ffc8a36f000 	C:\WINDOWS\System32\KERNEL32.DLL
0x00007ffc88750000 - 0x00007ffc88a22000 	C:\WINDOWS\System32\KERNELBASE.dll
0x00007ffc88af0000 - 0x00007ffc88bf0000 	C:\WINDOWS\System32\ucrtbase.dll
0x00007ffc78d40000 - 0x00007ffc78d5a000 	C:\Program Files\Java\jdk-18.0.2.1\bin\VCRUNTIME140.dll
0x00007ffc77240000 - 0x00007ffc77258000 	C:\Program Files\Java\jdk-18.0.2.1\bin\jli.dll
0x00007ffc8a0c0000 - 0x00007ffc8a16e000 	C:\WINDOWS\System32\ADVAPI32.dll
0x00007ffc898d0000 - 0x00007ffc8996e000 	C:\WINDOWS\System32\msvcrt.dll
0x00007ffc8a7e0000 - 0x00007ffc8a87c000 	C:\WINDOWS\System32\sechost.dll
0x00007ffc8a170000 - 0x00007ffc8a295000 	C:\WINDOWS\System32\RPCRT4.dll
0x00007ffc89670000 - 0x00007ffc89811000 	C:\WINDOWS\System32\USER32.dll
0x00007ffc88720000 - 0x00007ffc88742000 	C:\WINDOWS\System32\win32u.dll
0x00007ffc795f0000 - 0x00007ffc7988a000 	C:\WINDOWS\WinSxS\amd64_microsoft.windows.common-controls_6595b64144ccf1df_6.0.19041.1110_none_60b5254171f9507e\COMCTL32.dll
0x00007ffc88d70000 - 0x00007ffc88d9b000 	C:\WINDOWS\System32\GDI32.dll
0x00007ffc884e0000 - 0x00007ffc885ef000 	C:\WINDOWS\System32\gdi32full.dll
0x00007ffc885f0000 - 0x00007ffc8868d000 	C:\WINDOWS\System32\msvcp_win.dll
0x00007ffc776c0000 - 0x00007ffc776ca000 	C:\WINDOWS\SYSTEM32\VERSION.dll
0x00007ffc88d30000 - 0x00007ffc88d62000 	C:\WINDOWS\System32\IMM32.DLL
0x00007ffc81b70000 - 0x00007ffc81b7c000 	C:\Program Files\Java\jdk-18.0.2.1\bin\vcruntime140_1.dll
0x00007ffc753b0000 - 0x00007ffc7543d000 	C:\Program Files\Java\jdk-18.0.2.1\bin\msvcp140.dll
0x00007ffc57ce0000 - 0x00007ffc588f1000 	C:\Program Files\Java\jdk-18.0.2.1\bin\server\jvm.dll
0x00007ffc88bf0000 - 0x00007ffc88bf8000 	C:\WINDOWS\System32\PSAPI.DLL
0x00007ffc72b30000 - 0x00007ffc72b57000 	C:\WINDOWS\SYSTEM32\WINMM.dll
0x00007ffc82a70000 - 0x00007ffc82a79000 	C:\WINDOWS\SYSTEM32\WSOCK32.dll
0x00007ffc8a6d0000 - 0x00007ffc8a73b000 	C:\WINDOWS\System32\WS2_32.dll
0x00007ffc86160000 - 0x00007ffc86172000 	C:\WINDOWS\SYSTEM32\kernel.appcore.dll
0x00007ffc81b50000 - 0x00007ffc81b5a000 	C:\Program Files\Java\jdk-18.0.2.1\bin\jimage.dll
0x00007ffc76310000 - 0x00007ffc764f4000 	C:\WINDOWS\SYSTEM32\DBGHELP.DLL
0x00007ffc761b0000 - 0x00007ffc761e5000 	C:\WINDOWS\SYSTEM32\dbgcore.DLL
0x00007ffc88690000 - 0x00007ffc88712000 	C:\WINDOWS\System32\bcryptPrimitives.dll
0x00007ffc78600000 - 0x00007ffc78625000 	C:\Program Files\Java\jdk-18.0.2.1\bin\java.dll

dbghelp: loaded successfully - version: 4.0.5 - missing functions: none
symbol engine: initialized successfully - sym options: 0x614 - pdb path: .;C:\Program Files\Java\jdk-18.0.2.1\bin;C:\WINDOWS\SYSTEM32;C:\WINDOWS\WinSxS\amd64_microsoft.windows.common-controls_6595b64144ccf1df_6.0.19041.1110_none_60b5254171f9507e;C:\Program Files\Java\jdk-18.0.2.1\bin\server

VM Arguments:
jvm_args: -Dfile.encoding=UTF-8 --module-path=C:\Users\User\Documents\NetBeansProjects\UniversityManagementSystem\build\classes 
java_command: universitymanagementsystem.Project
java_class_path (initial): C:\Users\User\Documents\NetBeansProjects\UniversityManagementSystem\build\classes
Launcher Type: SUN_STANDARD

[Global flags]
     intx CICompilerCount                          = 3                                         {product} {ergonomic}
     uint ConcGCThreads                            = 1                                         {product} {ergonomic}
     uint G1ConcRefinementThreads                  = 4                                         {product} {ergonomic}
   size_t G1HeapRegionSize                         = 1048576                                   {product} {ergonomic}
    uintx GCDrainStackTargetSize                   = 64                                        {product} {ergonomic}
   size_t InitialHeapSize                          = 67108864                                  {product} {ergonomic}
   size_t MarkStackSize                            = 4194304                                   {product} {ergonomic}
   size_t MaxHeapSize                              = 1044381696                                {product} {ergonomic}
   size_t MinHeapDeltaBytes                        = 1048576                                   {product} {ergonomic}
   size_t MinHeapSize                              = 8388608                                   {product} {ergonomic}
    uintx NonNMethodCodeHeapSize                   = 5832780                                {pd product} {ergonomic}
    uintx NonProfiledCodeHeapSize                  = 122912730                              {pd product} {ergonomic}
    uintx ProfiledCodeHeapSize                     = 122912730                              {pd product} {ergonomic}
    uintx ReservedCodeCacheSize                    = 251658240                              {pd product} {ergonomic}
     bool SegmentedCodeCache                       = true                                      {product} {ergonomic}
   size_t SoftMaxHeapSize                          = 1044381696                             {manageable} {ergonomic}
     bool UseCompressedClassPointers               = true                           {product lp64_product} {ergonomic}
     bool UseCompressedOops                        = true                           {product lp64_product} {ergonomic}
     bool UseG1GC                                  = true                                      {product} {ergonomic}
     bool UseLargePagesIndividualAllocation        = false                                  {pd product} {ergonomic}

Logging:
Log output configuration:
 #0: stdout all=warning uptime,level,tags foldmultilines=false
 #1: stderr all=off uptime,level,tags foldmultilines=false

Environment Variables:
PATH=C:\Program Files\Common Files\Oracle\Java\javapath;C:\WINDOWS\system32;C:\WINDOWS;C:\WINDOWS\System32\Wbem;C:\WINDOWS\System32\WindowsPowerShell\v1.0\;C:\WINDOWS\System32\OpenSSH\;C:\MinGW\bin;C:\Program Files\Java\jdk-18.0.2.1\bin;C:\Program Files\MySQL\MySQL Server 8.0\bin;C:\Program Files\Git\cmd;C:\Program Files\MySQL\MySQL Server 8.0\bin;C:\Program Files\MySQL\MySQL Shell 8.0\bin\;C:\Users\User\AppData\Local\Programs\Python\Python310\Scripts\;C:\Users\User\AppData\Local\Programs\Python\Python310\;C:\Users\User\AppData\Local\Microsoft\WindowsApps;C:\Users\User\AppData\Local\Programs\Microsoft VS Code\bin;C:\xampp\mysql\bin;;C:\Program Files\JetBrains\IntelliJ IDEA Community Edition 2022.3.2\bin;
USERNAME=User
OS=Windows_NT
PROCESSOR_IDENTIFIER=Intel64 Family 6 Model 58 Stepping 9, GenuineIntel



---------------  S Y S T E M  ---------------

OS:
 Windows 10 , 64 bit Build 19041 (10.0.19041.2546)
OS uptime: 0 days 2:59 hours

CPU: total 4 (initial active 4) (2 cores per cpu, 2 threads per core) family 6 model 58 stepping 9 microcode 0x21, cx8, cmov, fxsr, ht, mmx, sse, sse2, sse3, ssse3, sse4.1, sse4.2, popcnt, tsc, tscinvbit, avx, aes, erms, clmul, vzeroupper, clflush

Memory: 4k page, system-wide physical 3983M (345M free)
TotalPageFile size 16271M (AvailPageFile size 4M)
current process WorkingSet (physical memory assigned to process): 10M, peak: 10M
current process commit charge ("private bytes"): 48M, peak: 49M

vm_info: Java HotSpot(TM) 64-Bit Server VM (18.0.2.1+1-1) for windows-amd64 JRE (18.0.2.1+1-1), built on Aug 16 2022 01:46:33 by "mach5one" with MS VC++ 16.8 / 16.9 (VS2019)

END.
